Using TensorFlow backend.
Found 1862 images belonging to 10 classes.
Found 200 images belonging to 10 classes.
2020-05-25 14:33:16.267883: I tensorflow/core/platform/cpu_feature_guard.cc:142] Your CPU supports instructions that this TensorFlow binary was not compiled to use: SSE4.1 SSE4.2 AVX AVX2 FMA
2020-05-25 14:33:16.296682: I tensorflow/core/platform/profile_utils/cpu_utils.cc:94] CPU Frequency: 2198670000 Hz
2020-05-25 14:33:16.298207: I tensorflow/compiler/xla/service/service.cc:168] XLA service 0x55e9a2ffea80 initialized for platform Host (this does not guarantee that XLA will be used). Devices:
2020-05-25 14:33:16.298261: I tensorflow/compiler/xla/service/service.cc:176]   StreamExecutor device (0): Host, Default Version
2020-05-25 14:33:16.298450: I tensorflow/core/common_runtime/process_util.cc:147] Creating new thread pool with default inter op setting: 2. Tune using inter_op_parallelism_threads for best performance.
Model: "sequential_1"
_________________________________________________________________
Layer (type)                 Output Shape              Param #
=================================================================
conv2d_1 (Conv2D)            (None, 61, 61, 64)        3136
_________________________________________________________________
conv2d_2 (Conv2D)            (None, 29, 29, 64)        65600
_________________________________________________________________
dropout_1 (Dropout)          (None, 29, 29, 64)        0
_________________________________________________________________
conv2d_3 (Conv2D)            (None, 26, 26, 128)       131200
_________________________________________________________________
conv2d_4 (Conv2D)            (None, 12, 12, 128)       262272
_________________________________________________________________
dropout_2 (Dropout)          (None, 12, 12, 128)       0
_________________________________________________________________
conv2d_5 (Conv2D)            (None, 9, 9, 256)         524544
_________________________________________________________________
conv2d_6 (Conv2D)            (None, 3, 3, 256)         1048832
_________________________________________________________________
batch_normalization_1 (Batch (None, 3, 3, 256)         1024
_________________________________________________________________
flatten_1 (Flatten)          (None, 2304)              0
_________________________________________________________________
dropout_3 (Dropout)          (None, 2304)              0
_________________________________________________________________
dense_1 (Dense)              (None, 1024)              2360320
_________________________________________________________________
dense_2 (Dense)              (None, 512)               524800
_________________________________________________________________
dense_3 (Dense)              (None, 10)                5130
=================================================================
Total params: 4,926,858
Trainable params: 4,926,346
Non-trainable params: 512
_________________________________________________________________
Epoch 1/10
30/30 [==============================] - 22s 718ms/step - loss: 1.9288 - accuracy: 0.3926 - val_loss: 25.5457 - val_accuracy: 0.1000

Epoch 00001: val_loss improved from inf to 25.54573, saving model to models/su_batchnormal_dense.h5
Epoch 2/10
30/30 [==============================] - 20s 655ms/step - loss: 0.7295 - accuracy: 0.7701 - val_loss: 3.5967 - val_accuracy: 0.3000

Epoch 00002: val_loss improved from 25.54573 to 3.59673, saving model to models/su_batchnormal_dense.h5
Epoch 3/10
30/30 [==============================] - 19s 643ms/step - loss: 0.4283 - accuracy: 0.8496 - val_loss: 0.9305 - val_accuracy: 0.5600

Epoch 00003: val_loss improved from 3.59673 to 0.93045, saving model to models/su_batchnormal_dense.h5
Epoch 4/10
30/30 [==============================] - 20s 669ms/step - loss: 0.3876 - accuracy: 0.8657 - val_loss: 1.6836 - val_accuracy: 0.4050

Epoch 00004: val_loss did not improve from 0.93045
Epoch 5/10
30/30 [==============================] - 20s 653ms/step - loss: 0.3079 - accuracy: 0.8921 - val_loss: 0.8797 - val_accuracy: 0.6700

Epoch 00005: val_loss improved from 0.93045 to 0.87966, saving model to models/su_batchnormal_dense.h5
Epoch 6/10
30/30 [==============================] - 20s 651ms/step - loss: 0.2102 - accuracy: 0.9296 - val_loss: 1.5495 - val_accuracy: 0.4650

Epoch 00006: val_loss did not improve from 0.87966
Epoch 7/10
30/30 [==============================] - 20s 659ms/step - loss: 0.1924 - accuracy: 0.9302 - val_loss: 0.7748 - val_accuracy: 0.3150

Epoch 00007: val_loss improved from 0.87966 to 0.77476, saving model to models/su_batchnormal_dense.h5
Epoch 8/10
30/30 [==============================] - 20s 654ms/step - loss: 0.2102 - accuracy: 0.9366 - val_loss: 3.0931 - val_accuracy: 0.3900

Epoch 00008: val_loss did not improve from 0.77476
Epoch 9/10
30/30 [==============================] - 19s 648ms/step - loss: 0.1372 - accuracy: 0.9544 - val_loss: 1.9531 - val_accuracy: 0.3750

Epoch 00009: val_loss did not improve from 0.77476
Epoch 10/10
30/30 [==============================] - 20s 660ms/step - loss: 0.1006 - accuracy: 0.9721 - val_loss: 1.6506 - val_accuracy: 0.4750

Epoch 00010: val_loss did not improve from 0.77476
